Determining if the pthread_create exist failed with the following output:
Change Dir: /home/shuruiz/repo/ros/veh/build/CMakeFiles/CMakeTmp

Run Build Command:"/usr/bin/make" "cmTC_57a49/fast"
/usr/bin/make -f CMakeFiles/cmTC_57a49.dir/build.make CMakeFiles/cmTC_57a49.dir/build
make[1]: Entering directory '/home/shuruiz/repo/ros/veh/build/CMakeFiles/CMakeTmp'
Building C object CMakeFiles/cmTC_57a49.dir/CheckSymbolExists.c.o
/usr/bin/cc    -o CMakeFiles/cmTC_57a49.dir/CheckSymbolExists.c.o   -c /home/shuruiz/repo/ros/veh/build/CMakeFiles/CMakeTmp/CheckSymbolExists.c
Linking C executable cmTC_57a49
/usr/bin/cmake -E cmake_link_script CMakeFiles/cmTC_57a49.dir/link.txt --verbose=1
/usr/bin/cc      -rdynamic CMakeFiles/cmTC_57a49.dir/CheckSymbolExists.c.o  -o cmTC_57a49 
CMakeFiles/cmTC_57a49.dir/CheckSymbolExists.c.o: In function `main':
CheckSymbolExists.c:(.text+0x1b): undefined reference to `pthread_create'
collect2: error: ld returned 1 exit status
CMakeFiles/cmTC_57a49.dir/build.make:97: recipe for target 'cmTC_57a49' failed
make[1]: *** [cmTC_57a49] Error 1
make[1]: Leaving directory '/home/shuruiz/repo/ros/veh/build/CMakeFiles/CMakeTmp'
Makefile:126: recipe for target 'cmTC_57a49/fast' failed
make: *** [cmTC_57a49/fast] Error 2

File /home/shuruiz/repo/ros/veh/build/CMakeFiles/CMakeTmp/CheckSymbolExists.c:
/* */
#include <pthread.h>

int main(int argc, char** argv)
{
  (void)argv;
#ifndef pthread_create
  return ((int*)(&pthread_create))[argc];
#else
  (void)argc;
  return 0;
#endif
}

Determining if the function pthread_create exists in the pthreads failed with the following output:
Change Dir: /home/shuruiz/repo/ros/veh/build/CMakeFiles/CMakeTmp

Run Build Command:"/usr/bin/make" "cmTC_e28f1/fast"
/usr/bin/make -f CMakeFiles/cmTC_e28f1.dir/build.make CMakeFiles/cmTC_e28f1.dir/build
make[1]: Entering directory '/home/shuruiz/repo/ros/veh/build/CMakeFiles/CMakeTmp'
Building C object CMakeFiles/cmTC_e28f1.dir/CheckFunctionExists.c.o
/usr/bin/cc   -DCHECK_FUNCTION_EXISTS=pthread_create   -o CMakeFiles/cmTC_e28f1.dir/CheckFunctionExists.c.o   -c /usr/share/cmake-3.10/Modules/CheckFunctionExists.c
Linking C executable cmTC_e28f1
/usr/bin/cmake -E cmake_link_script CMakeFiles/cmTC_e28f1.dir/link.txt --verbose=1
/usr/bin/cc  -DCHECK_FUNCTION_EXISTS=pthread_create    -rdynamic CMakeFiles/cmTC_e28f1.dir/CheckFunctionExists.c.o  -o cmTC_e28f1 -lpthreads 
/usr/bin/ld: cannot find -lpthreads
collect2: error: ld returned 1 exit status
CMakeFiles/cmTC_e28f1.dir/build.make:97: recipe for target 'cmTC_e28f1' failed
make[1]: *** [cmTC_e28f1] Error 1
make[1]: Leaving directory '/home/shuruiz/repo/ros/veh/build/CMakeFiles/CMakeTmp'
Makefile:126: recipe for target 'cmTC_e28f1/fast' failed
make: *** [cmTC_e28f1/fast] Error 2


